2022-12-01 02:30:26.185 [info] Extension host with pid 93902 started
2022-12-01 02:30:26.197 [info] Lock '/srv/users/zypkejgg/.vscode-server/data/User/workspaceStorage/0e3b9af751c8394f96fb568fc37c6418/vscode.lock': Lock acquired.
2022-12-01 02:30:26.232 [info] ExtensionService#_doActivateExtension vscode.git-base, startup: true, activationEvent: '*', root cause: vscode.git
2022-12-01 02:30:26.235 [info] ExtensionService#_doActivateExtension vscode.npm, startup: true, activationEvent: 'workspaceContains:package.json'
2022-12-01 02:30:26.245 [error] No bundle location found for extension vscode.git-base
2022-12-01 02:30:26.251 [error] No bundle location found for extension vscode.npm
2022-12-01 02:30:26.476 [info] ExtensionService#_doActivateExtension vscode.git, startup: true, activationEvent: '*'
2022-12-01 02:30:26.481 [info] ExtensionService#_doActivateExtension vscode.github, startup: true, activationEvent: '*'
2022-12-01 02:30:26.499 [error] No bundle location found for extension vscode.git
2022-12-01 02:30:26.499 [error] No bundle location found for extension vscode.github
2022-12-01 02:30:26.894 [warning] [Decorations] CAPPING events from decorations provider vscode.git 2214
2022-12-01 02:30:26.961 [warning] [Decorations] CAPPING events from decorations provider vscode.git 2214
2022-12-01 02:30:26.992 [info] ExtensionService#_doActivateExtension vscode.debug-auto-launch, startup: false, activationEvent: 'onStartupFinished'
2022-12-01 02:30:26.992 [info] ExtensionService#_doActivateExtension vscode.emmet, startup: false, activationEvent: 'onStartupFinished'
2022-12-01 02:30:26.992 [info] ExtensionService#_doActivateExtension vscode.merge-conflict, startup: false, activationEvent: 'onStartupFinished'
2022-12-01 02:30:26.993 [info] Eager extensions activated
2022-12-01 02:30:27.002 [error] No bundle location found for extension vscode.debug-auto-launch
2022-12-01 02:30:27.006 [error] No bundle location found for extension vscode.emmet
2022-12-01 02:30:27.006 [error] No bundle location found for extension vscode.merge-conflict
2022-12-01 02:30:29.398 [warning] [Decorations] CAPPING events from decorations provider vscode.git 2215
2022-12-01 02:30:34.461 [warning] [Decorations] CAPPING events from decorations provider vscode.git 2215
2022-12-01 02:30:48.894 [warning] [Decorations] CAPPING events from decorations provider vscode.git 2215
