2022-12-01 01:49:22.174 [info] Extension host with pid 69274 started
2022-12-01 01:49:22.211 [info] ExtensionService#_doActivateExtension vscode.git-base, startup: true, activationEvent: '*', root cause: vscode.git
2022-12-01 01:49:22.233 [error] No bundle location found for extension vscode.git-base
2022-12-01 01:49:22.238 [info] ExtensionService#_doActivateExtension vscode.git, startup: true, activationEvent: '*'
2022-12-01 01:49:22.239 [info] ExtensionService#_doActivateExtension vscode.github, startup: true, activationEvent: '*'
2022-12-01 01:49:22.252 [error] No bundle location found for extension vscode.git
2022-12-01 01:49:22.396 [error] No bundle location found for extension vscode.github
2022-12-01 01:49:22.410 [info] ExtensionService#_doActivateExtension vscode.debug-auto-launch, startup: false, activationEvent: 'onStartupFinished'
2022-12-01 01:49:22.410 [info] ExtensionService#_doActivateExtension vscode.emmet, startup: false, activationEvent: 'onStartupFinished'
2022-12-01 01:49:22.411 [info] ExtensionService#_doActivateExtension vscode.merge-conflict, startup: false, activationEvent: 'onStartupFinished'
2022-12-01 01:49:22.411 [info] Eager extensions activated
2022-12-01 01:49:22.469 [error] No bundle location found for extension vscode.debug-auto-launch
2022-12-01 01:49:22.469 [error] No bundle location found for extension vscode.emmet
2022-12-01 01:49:22.469 [error] No bundle location found for extension vscode.merge-conflict
2022-12-01 01:49:25.158 [info] ExtensionService#_doActivateExtension vscode.configuration-editing, startup: false, activationEvent: 'onLanguage:jsonc'
2022-12-01 01:49:25.159 [info] ExtensionService#_doActivateExtension vscode.json-language-features, startup: false, activationEvent: 'onLanguage:jsonc'
2022-12-01 01:49:25.159 [info] ExtensionService#_doActivateExtension vscode.typescript-language-features, startup: false, activationEvent: 'onLanguage:jsonc'
2022-12-01 01:49:25.170 [error] No bundle location found for extension vscode.configuration-editing
2022-12-01 01:49:25.170 [error] No bundle location found for extension vscode.json-language-features
2022-12-01 01:49:25.170 [error] No bundle location found for extension vscode.typescript-language-features
2022-12-01 01:52:51.577 [info] Extension host terminating: received terminate message from renderer
2022-12-01 01:52:51.590 [info] Extension host with pid 69274 exiting with code 0
