2022-12-01 02:30:27.001 [info] Validating found git in: git
2022-12-01 02:30:27.001 [info] Using git 2.7.4 from git
2022-12-01 02:30:27.001 [info] > git rev-parse --show-toplevel [4ms]
2022-12-01 02:30:27.001 [info] > git rev-parse --git-dir --git-common-dir [1ms]
2022-12-01 02:30:27.001 [info] Log level: Info
2022-12-01 02:30:27.001 [info] Open repository: /srv/users/zypkejgg
2022-12-01 02:30:27.001 [info] > git rev-parse --show-toplevel [16ms]
2022-12-01 02:30:27.001 [info] > git remote --verbose [33ms]
2022-12-01 02:30:27.001 [info] > git for-each-ref --sort -committerdate --format %(refname) %(objectname) %(*objectname) [38ms]
2022-12-01 02:30:27.001 [info] > git rev-parse --show-toplevel [3ms]
2022-12-01 02:30:27.001 [info] > git config --get commit.template [23ms]
2022-12-01 02:30:27.001 [info] > git rev-parse --show-toplevel [8ms]
2022-12-01 02:30:27.001 [info] > git rev-parse --show-toplevel [6ms]
2022-12-01 02:30:27.001 [info] > git for-each-ref --format=%(refname)%00%(upstream:short)%00%(objectname)%00%(upstream:track) refs/heads/main refs/remotes/main [36ms]
2022-12-01 02:30:27.001 [info] > git rev-parse --show-toplevel [3ms]
2022-12-01 02:30:27.001 [info] > git rev-parse --show-toplevel [2ms]
2022-12-01 02:30:27.002 [info] > git rev-parse --show-toplevel [12ms]
2022-12-01 02:30:27.002 [info] > git rev-parse --show-toplevel [1ms]
2022-12-01 02:30:27.002 [info] > git status -z -uall [159ms]
2022-12-01 02:30:27.002 [info] > git rev-parse --show-toplevel [37ms]
2022-12-01 02:30:27.002 [info] > git remote --verbose [11ms]
2022-12-01 02:30:27.002 [info] > git for-each-ref --sort -committerdate --format %(refname) %(objectname) %(*objectname) [15ms]
2022-12-01 02:30:27.002 [info] > git rev-parse --show-toplevel [76ms]
2022-12-01 02:30:27.002 [info] > git status -z -uall [16ms]
2022-12-01 02:30:27.002 [info] > git rev-parse --show-toplevel [2ms]
2022-12-01 02:30:27.002 [info] > git config --get commit.template [10ms]
2022-12-01 02:30:27.002 [info] > git for-each-ref --format=%(refname)%00%(upstream:short)%00%(objectname)%00%(upstream:track) refs/heads/main refs/remotes/main [3ms]
2022-12-01 02:30:27.495 [info] > git check-ignore -v -z --stdin [1ms]
2022-12-01 02:30:29.371 [info] > git remote --verbose [11ms]
2022-12-01 02:30:29.372 [info] > git for-each-ref --sort -committerdate --format %(refname) %(objectname) %(*objectname) [17ms]
2022-12-01 02:30:29.373 [info] > git config --get commit.template [2ms]
2022-12-01 02:30:29.381 [info] > git status -z -uall [17ms]
2022-12-01 02:30:29.381 [info] > git for-each-ref --format=%(refname)%00%(upstream:short)%00%(objectname)%00%(upstream:track) refs/heads/main refs/remotes/main [3ms]
2022-12-01 02:30:31.322 [info] > git check-ignore -v -z --stdin [1ms]
2022-12-01 02:30:32.681 [info] > git check-ignore -v -z --stdin [1ms]
2022-12-01 02:30:34.435 [info] > git remote --verbose [11ms]
2022-12-01 02:30:34.436 [info] > git for-each-ref --sort -committerdate --format %(refname) %(objectname) %(*objectname) [17ms]
2022-12-01 02:30:34.437 [info] > git config --get commit.template [2ms]
2022-12-01 02:30:34.444 [info] > git status -z -uall [16ms]
2022-12-01 02:30:34.444 [info] > git for-each-ref --format=%(refname)%00%(upstream:short)%00%(objectname)%00%(upstream:track) refs/heads/main refs/remotes/main [2ms]
2022-12-01 02:30:48.766 [info] > git add -A -- . [11200ms]
2022-12-01 02:30:48.849 [info] > git -c user.useConfigOnly=true commit --quiet --allow-empty-message --file - [77ms]
2022-12-01 02:30:48.873 [info] > git remote --verbose [12ms]
2022-12-01 02:30:48.873 [info] > git for-each-ref --sort -committerdate --format %(refname) %(objectname) %(*objectname) [18ms]
2022-12-01 02:30:48.874 [info] > git config --get commit.template [2ms]
2022-12-01 02:30:48.882 [info] > git for-each-ref --format=%(refname)%00%(upstream:short)%00%(objectname)%00%(upstream:track) refs/heads/main refs/remotes/main [1ms]
2022-12-01 02:30:48.884 [info] > git status -z -uall [19ms]
2022-12-01 02:30:48.935 [info] > git remote --verbose [20ms]
2022-12-01 02:30:48.935 [info] > git for-each-ref --sort -committerdate --format %(refname) %(objectname) %(*objectname) [27ms]
2022-12-01 02:30:48.936 [info] > git status -z -uall [17ms]
2022-12-01 02:30:48.936 [info] > git config --get commit.template [3ms]
2022-12-01 02:30:48.936 [info] > git config --get commit.template [10ms]
2022-12-01 02:30:48.945 [info] > git for-each-ref --format=%(refname)%00%(upstream:short)%00%(objectname)%00%(upstream:track) refs/heads/main refs/remotes/main [0ms]
2022-12-01 02:30:49.877 [info] > git check-ignore -v -z --stdin [2ms]
2022-12-01 02:30:53.989 [info] > git status -z -uall [23ms]
2022-12-01 02:30:53.991 [info] > git remote --verbose [31ms]
2022-12-01 02:30:53.991 [info] > git for-each-ref --sort -committerdate --format %(refname) %(objectname) %(*objectname) [38ms]
2022-12-01 02:30:53.993 [info] > git config --get commit.template [20ms]
2022-12-01 02:30:54.000 [info] > git for-each-ref --format=%(refname)%00%(upstream:short)%00%(objectname)%00%(upstream:track) refs/heads/main refs/remotes/main [1ms]
2022-12-01 02:30:56.551 [info] > git add -A -- . [18ms]
2022-12-01 02:30:56.598 [info] > git -c user.useConfigOnly=true commit --quiet --allow-empty-message --file - [40ms]
2022-12-01 02:30:56.615 [info] > git remote --verbose [9ms]
2022-12-01 02:30:56.616 [info] > git for-each-ref --sort -committerdate --format %(refname) %(objectname) %(*objectname) [14ms]
2022-12-01 02:30:56.617 [info] > git config --get commit.template [3ms]
2022-12-01 02:30:56.624 [info] > git for-each-ref --format=%(refname)%00%(upstream:short)%00%(objectname)%00%(upstream:track) refs/heads/main refs/remotes/main [3ms]
2022-12-01 02:30:56.630 [info] > git status -z -uall [19ms]
2022-12-01 02:30:56.640 [info] > git config --get commit.template [1ms]
2022-12-01 02:30:59.029 [info] > git remote --verbose [9ms]
2022-12-01 02:30:59.029 [info] > git for-each-ref --sort -committerdate --format %(refname) %(objectname) %(*objectname) [15ms]
2022-12-01 02:30:59.035 [info] > git config --get commit.template [7ms]
2022-12-01 02:30:59.036 [info] > git for-each-ref --format=%(refname)%00%(upstream:short)%00%(objectname)%00%(upstream:track) refs/heads/main refs/remotes/main [1ms]
2022-12-01 02:30:59.040 [info] > git status -z -uall [17ms]
2022-12-01 02:31:01.514 [info] > git add -A -- . [17ms]
2022-12-01 02:31:01.943 [info] > git show --textconv :.git/COMMIT_EDITMSG [11ms]
2022-12-01 02:31:01.946 [info] > git ls-files --stage -- /srv/users/zypkejgg/.git/COMMIT_EDITMSG [4ms]
2022-12-01 02:31:02.222 [info] > git check-ignore -v -z --stdin [10ms]
2022-12-01 02:31:02.897 [info] > git ls-files --stage -- /srv/users/zypkejgg/.git/COMMIT_EDITMSG [2ms]
2022-12-01 02:31:02.911 [info] > git show --textconv :.git/COMMIT_EDITMSG [2ms]
2022-12-01 02:31:08.436 [info] > git -c user.useConfigOnly=true commit --quiet [6917ms]
2022-12-01 02:31:08.458 [info] > git remote --verbose [9ms]
2022-12-01 02:31:08.458 [info] > git for-each-ref --sort -committerdate --format %(refname) %(objectname) %(*objectname) [18ms]
2022-12-01 02:31:08.460 [info] > git config --get commit.template [6ms]
2022-12-01 02:31:08.467 [info] > git status -z -uall [19ms]
2022-12-01 02:31:08.468 [info] > git for-each-ref --format=%(refname)%00%(upstream:short)%00%(objectname)%00%(upstream:track) refs/heads/main refs/remotes/main [2ms]
2022-12-01 02:31:08.498 [info] > git remote --verbose [16ms]
2022-12-01 02:31:08.498 [info] > git for-each-ref --sort -committerdate --format %(refname) %(objectname) %(*objectname) [20ms]
2022-12-01 02:31:08.500 [info] > git config --get commit.template [9ms]
2022-12-01 02:31:08.505 [info] > git status -z -uall [19ms]
2022-12-01 02:31:08.506 [info] > git for-each-ref --format=%(refname)%00%(upstream:short)%00%(objectname)%00%(upstream:track) refs/heads/main refs/remotes/main [2ms]
2022-12-01 02:31:09.134 [info] > git check-ignore -v -z --stdin [3ms]
2022-12-01 02:31:13.535 [info] > git remote --verbose [10ms]
2022-12-01 02:31:13.535 [info] > git for-each-ref --sort -committerdate --format %(refname) %(objectname) %(*objectname) [14ms]
2022-12-01 02:31:13.536 [info] > git config --get commit.template [3ms]
2022-12-01 02:31:13.542 [info] > git for-each-ref --format=%(refname)%00%(upstream:short)%00%(objectname)%00%(upstream:track) refs/heads/main refs/remotes/main [0ms]
2022-12-01 02:31:13.545 [info] > git status -z -uall [17ms]
